<?xml version="1.0" encoding="UTF-8"?>
<!-- Generated by org.testng.reporters.JUnitReportReporter -->
<testsuite skipped="0" hostname="Mitesh" name="gov.uk.check.visa.testsuite.VisaConfirmationTest" tests="3" failures="0" timestamp="2022-05-09T23:53:27 BST" time="18.475" errors="0">
  <testcase name="aChileanComingToTheUKForWorkAndPlansOnStayingForLongerThanSixMonths" time="5.445" classname="gov.uk.check.visa.testsuite.VisaConfirmationTest"/>
  <system-out/>
  <testcase name="aColumbianNationalComingToTheUKToJoinAPartnerForALongStayTheyDoHaveAnArticle10Or20Card" time="5.556" classname="gov.uk.check.visa.testsuite.VisaConfirmationTest"/>
  <system-out/>
  <testcase name="anAustralianComingToUKForTourism" time="7.474" classname="gov.uk.check.visa.testsuite.VisaConfirmationTest"/>
  <system-out/>
</testsuite> <!-- gov.uk.check.visa.testsuite.VisaConfirmationTest -->
